<?xml version="1.0" encoding="UTF-8"?>
<!-- Generated by org.testng.reporters.JUnitXMLReporter -->
<testsuite ignored="0" hostname="DESKTOP-F4G7IQ8" failures="0" tests="4" name="Test" time="31.59" errors="0" timestamp="2025-08-30T20:26:33 IST">
  <testcase classname="tests.FourTest" name="testFour" time="7.077"/>
  <testcase classname="tests.TwoTest" name="testTwo" time="3.535"/>
  <testcase classname="tests.LoginTest" name="login" time="1.367"/>
  <testcase classname="tests.LoginTest" name="login" time="11.264"/>
</testsuite> <!-- Test -->
